<?xml version="1.0" encoding="UTF-8"?>
<!-- Generated by org.testng.reporters.JUnitXMLReporter -->
<testsuite ignored="0" hostname="Charan" failures="0" tests="4" name="Test Runner3" time="0.095" errors="0" timestamp="2024-11-06T13:11:06 IST">
  <testcase classname="distributedparallel.Test5" name="demo1" time="0.015"/>
  <testcase classname="distributedparallel.Test5" name="demo2" time="0.003"/>
  <testcase classname="distributedparallel.Test6" name="demo1" time="0.002"/>
  <testcase classname="distributedparallel.Test6" name="demo2" time="0.002"/>
</testsuite> <!-- Test Runner3 -->
