<?xml version="1.0" encoding="UTF-8"?>
<!-- Generated by org.testng.reporters.JUnitXMLReporter -->
<testsuite ignored="0" hostname="Charan" failures="0" tests="4" name="Test Runner1" time="0.096" errors="0" timestamp="2024-11-06T13:11:06 IST">
  <testcase classname="distributedparallel.Test1" name="demo1" time="0.015"/>
  <testcase classname="distributedparallel.Test1" name="demo2" time="0.002"/>
  <testcase classname="distributedparallel.Test2" name="demo1" time="0.002"/>
  <testcase classname="distributedparallel.Test2" name="demo2" time="0.002"/>
</testsuite> <!-- Test Runner1 -->
