<?xml version="1.0" encoding="UTF-8"?>
<!-- Generated by org.testng.reporters.JUnitXMLReporter -->
<testsuite ignored="2" hostname="Charan" failures="0" tests="2" name="Test(failed)" time="0.043" errors="0" timestamp="2024-11-08T13:14:31 IST">
  <testcase classname="distributedparallel.Test5" name="demo1" time="0.009"/>
  <testcase classname="distributedparallel.Test4" name="demo2" time="0.001"/>
  <testcase classname="distributedparallel.Test5" name="demo2" time="0.0">
    <ignored/>
  </testcase> <!-- demo2 -->
  <testcase classname="distributedparallel.Test4" name="demo1" time="0.0">
    <ignored/>
  </testcase> <!-- demo1 -->
</testsuite> <!-- Test(failed) -->
