<?xml version="1.0" encoding="UTF-8"?>
<testng-results ignored="0" total="2" passed="2" failed="0" skipped="0">
  <reporter-output>
    <line>
      <![CDATA[@Test1]]>
    </line>
    <line>
      <![CDATA[@Test2]]>
    </line>
  </reporter-output>
  <suite started-at="2024-11-09T12:27:20 IST" name="Suite" finished-at="2024-11-09T12:27:20 IST" duration-ms="40">
    <groups>
    </groups>
    <test started-at="2024-11-09T12:27:20 IST" name="Test" finished-at="2024-11-09T12:27:20 IST" duration-ms="40">
      <class name="listenerPractice.TestClass">
        <test-method is-config="true" signature="beforeSuite()[pri:0, instance:listenerPractice.TestClass@76505305]" started-at="2024-11-09T12:27:20 IST" name="beforeSuite" finished-at="2024-11-09T12:27:20 IST" duration-ms="5" status="PASS">
          <reporter-output>
          </reporter-output>
        </test-method> <!-- beforeSuite -->
        <test-method is-config="true" signature="beforeTest()[pri:0, instance:listenerPractice.TestClass@76505305]" started-at="2024-11-09T12:27:20 IST" name="beforeTest" finished-at="2024-11-09T12:27:20 IST" duration-ms="0" status="PASS">
          <reporter-output>
          </reporter-output>
        </test-method> <!-- beforeTest -->
        <test-method is-config="true" signature="beforeClass()[pri:0, instance:listenerPractice.TestClass@76505305]" started-at="2024-11-09T12:27:20 IST" name="beforeClass" finished-at="2024-11-09T12:27:20 IST" duration-ms="0" status="PASS">
          <reporter-output>
          </reporter-output>
        </test-method> <!-- beforeClass -->
        <test-method is-config="true" signature="beforeMethod()[pri:0, instance:listenerPractice.TestClass@76505305]" started-at="2024-11-09T12:27:20 IST" name="beforeMethod" finished-at="2024-11-09T12:27:20 IST" duration-ms="0" status="PASS">
          <reporter-output>
          </reporter-output>
        </test-method> <!-- beforeMethod -->
        <test-method signature="testMethod1()[pri:0, instance:listenerPractice.TestClass@76505305]" started-at="2024-11-09T12:27:20 IST" name="testMethod1" finished-at="2024-11-09T12:27:20 IST" duration-ms="7" status="PASS">
          <reporter-output>
            <line>
              <![CDATA[@Test1]]>
            </line>
          </reporter-output>
        </test-method> <!-- testMethod1 -->
        <test-method is-config="true" signature="afterMethod()[pri:0, instance:listenerPractice.TestClass@76505305]" started-at="2024-11-09T12:27:20 IST" name="afterMethod" finished-at="2024-11-09T12:27:20 IST" duration-ms="0" status="PASS">
          <reporter-output>
          </reporter-output>
        </test-method> <!-- afterMethod -->
        <test-method is-config="true" signature="beforeMethod()[pri:0, instance:listenerPractice.TestClass@76505305]" started-at="2024-11-09T12:27:20 IST" name="beforeMethod" finished-at="2024-11-09T12:27:20 IST" duration-ms="0" status="PASS">
          <reporter-output>
          </reporter-output>
        </test-method> <!-- beforeMethod -->
        <test-method signature="testMethod2()[pri:0, instance:listenerPractice.TestClass@76505305]" started-at="2024-11-09T12:27:20 IST" name="testMethod2" finished-at="2024-11-09T12:27:20 IST" depends-on-methods="listenerPractice.TestClass.testMethod1" duration-ms="2" status="PASS">
          <reporter-output>
            <line>
              <![CDATA[@Test2]]>
            </line>
          </reporter-output>
        </test-method> <!-- testMethod2 -->
        <test-method is-config="true" signature="afterMethod()[pri:0, instance:listenerPractice.TestClass@76505305]" started-at="2024-11-09T12:27:20 IST" name="afterMethod" finished-at="2024-11-09T12:27:20 IST" duration-ms="0" status="PASS">
          <reporter-output>
          </reporter-output>
        </test-method> <!-- afterMethod -->
        <test-method is-config="true" signature="afterClass()[pri:0, instance:listenerPractice.TestClass@76505305]" started-at="2024-11-09T12:27:20 IST" name="afterClass" finished-at="2024-11-09T12:27:20 IST" duration-ms="2" status="PASS">
          <reporter-output>
          </reporter-output>
        </test-method> <!-- afterClass -->
        <test-method is-config="true" signature="afterTest()[pri:0, instance:listenerPractice.TestClass@76505305]" started-at="2024-11-09T12:27:20 IST" name="afterTest" finished-at="2024-11-09T12:27:20 IST" duration-ms="0" status="PASS">
          <reporter-output>
          </reporter-output>
        </test-method> <!-- afterTest -->
        <test-method is-config="true" signature="afterSuite()[pri:0, instance:listenerPractice.TestClass@76505305]" started-at="2024-11-09T12:27:20 IST" name="afterSuite" finished-at="2024-11-09T12:27:20 IST" duration-ms="1" status="PASS">
          <reporter-output>
          </reporter-output>
        </test-method> <!-- afterSuite -->
      </class> <!-- listenerPractice.TestClass -->
    </test> <!-- Test -->
  </suite> <!-- Suite -->
</testng-results>
